<?xml version="1.0" encoding="UTF-8"?>
<!-- Generated by org.testng.reporters.JUnitReportReporter -->
<testsuite skipped="0" hostname="MSI" name="testcases.TC_003_Signin" tests="1" failures="0" timestamp="14 Jul 2024 16:43:35 GMT" time="14.528" errors="0">
  <testcase name="signin" time="14.528" classname="testcases.TC_003_Signin"/>
</testsuite> <!-- testcases.TC_003_Signin -->
