<?xml version="1.0" encoding="UTF-8"?>
<!-- Generated by org.testng.reporters.JUnitReportReporter -->
<testsuite skipped="0" hostname="MSI" name="testcases.TC_001_ValidRegistration" tests="1" failures="0" timestamp="14 Jul 2024 16:43:35 GMT" time="15.640" errors="0">
  <testcase name="validateregistration" time="15.640" classname="testcases.TC_001_ValidRegistration"/>
</testsuite> <!-- testcases.TC_001_ValidRegistration -->
