<?xml version="1.0" encoding="UTF-8"?>
<!-- Generated by org.testng.reporters.JUnitReportReporter -->
<testsuite skipped="0" hostname="MSI" name="testBase.BaseClass" tests="1" failures="0" timestamp="9 Jul 2024 15:29:12 GMT" time="10.370" errors="0">
  <testcase name="setup" time="10.370" classname="testBase.BaseClass"/>
</testsuite> <!-- testBase.BaseClass -->
